GROUP,PACKAGE,CLASS,INSTRUCTION_MISSED,INSTRUCTION_COVERED,BRANCH_MISSED,BRANCH_COVERED,LINE_MISSED,LINE_COVERED,COMPLEXITY_MISSED,COMPLEXITY_COVERED,METHOD_MISSED,METHOD_COVERED
mavenproject,com.Vehicle,Vehicle,37,0,0,0,16,0,5,0,5,0
mavenproject,com.Vehicle,Car,10,0,0,0,3,0,1,0,1,0
mavenproject,com.Vehicle,Bike,10,0,0,0,3,0,1,0,1,0
mavenproject,com.mavenproject,App,240,0,10,0,46,0,6,0,1,0
mavenproject,com.Person,Student,9,0,0,0,3,0,1,0,1,0
mavenproject,com.Person,Teacher,9,0,0,0,3,0,1,0,1,0
mavenproject,com.Person,Person,51,0,0,0,21,0,8,0,8,0
